-------------------------------------------------------------------------------
Test set: tn.esprit.spring.service.MissionServiceImplTest
-------------------------------------------------------------------------------
Tests run: 4, Failures: 1, Errors: 0, Skipped: 0, Time elapsed: 5.81 s <<< FAILURE! - in tn.esprit.spring.service.MissionServiceImplTest
testRetrieveAllMissions  Time elapsed: 0.289 s  <<< FAILURE!
java.lang.AssertionError: expected:<82> but was:<86>
	at tn.esprit.spring.service.MissionServiceImplTest.testRetrieveAllMissions(MissionServiceImplTest.java:28)

