-------------------------------------------------------------------------------
Test set: tn.esprit.spring.service.MissionServiceImplTest
-------------------------------------------------------------------------------
Tests run: 4, Failures: 1, Errors: 0, Skipped: 0, Time elapsed: 4.774 s <<< FAILURE! - in tn.esprit.spring.service.MissionServiceImplTest
testRetrieveAllMissions  Time elapsed: 0.273 s  <<< FAILURE!
java.lang.AssertionError: expected:<26> but was:<30>
	at tn.esprit.spring.service.MissionServiceImplTest.testRetrieveAllMissions(MissionServiceImplTest.java:28)

