-------------------------------------------------------------------------------
Test set: tn.esprit.spring.service.DepartementServiceImplTest
-------------------------------------------------------------------------------
Tests run: 5, Failures: 1, Errors: 2, Skipped: 0, Time elapsed: 11.191 s <<< FAILURE! - in tn.esprit.spring.service.DepartementServiceImplTest
testRetrieveAllDepartements  Time elapsed: 0.55 s  <<< FAILURE!
java.lang.AssertionError: expected:<15> but was:<3>
	at tn.esprit.spring.service.DepartementServiceImplTest.testRetrieveAllDepartements(DepartementServiceImplTest.java:28)

testDeleteDepartement  Time elapsed: 0.026 s  <<< ERROR!
org.springframework.dao.InvalidDataAccessApiUsageException: Provided id of the wrong type for class tn.esprit.spring.entities.Departement. Expected: class java.lang.Integer, got class java.lang.Long; nested exception is java.lang.IllegalArgumentException: Provided id of the wrong type for class tn.esprit.spring.entities.Departement. Expected: class java.lang.Integer, got class java.lang.Long
	at tn.esprit.spring.service.DepartementServiceImplTest.testDeleteDepartement(DepartementServiceImplTest.java:54)
Caused by: java.lang.IllegalArgumentException: Provided id of the wrong type for class tn.esprit.spring.entities.Departement. Expected: class java.lang.Integer, got class java.lang.Long
	at tn.esprit.spring.service.DepartementServiceImplTest.testDeleteDepartement(DepartementServiceImplTest.java:54)
Caused by: org.hibernate.TypeMismatchException: Provided id of the wrong type for class tn.esprit.spring.entities.Departement. Expected: class java.lang.Integer, got class java.lang.Long
	at tn.esprit.spring.service.DepartementServiceImplTest.testDeleteDepartement(DepartementServiceImplTest.java:54)

testRetrieveDepartement  Time elapsed: 0.007 s  <<< ERROR!
org.springframework.dao.InvalidDataAccessApiUsageException: Provided id of the wrong type for class tn.esprit.spring.entities.Departement. Expected: class java.lang.Integer, got class java.lang.Long; nested exception is java.lang.IllegalArgumentException: Provided id of the wrong type for class tn.esprit.spring.entities.Departement. Expected: class java.lang.Integer, got class java.lang.Long
	at tn.esprit.spring.service.DepartementServiceImplTest.testRetrieveDepartement(DepartementServiceImplTest.java:48)
Caused by: java.lang.IllegalArgumentException: Provided id of the wrong type for class tn.esprit.spring.entities.Departement. Expected: class java.lang.Integer, got class java.lang.Long
	at tn.esprit.spring.service.DepartementServiceImplTest.testRetrieveDepartement(DepartementServiceImplTest.java:48)
Caused by: org.hibernate.TypeMismatchException: Provided id of the wrong type for class tn.esprit.spring.entities.Departement. Expected: class java.lang.Integer, got class java.lang.Long
	at tn.esprit.spring.service.DepartementServiceImplTest.testRetrieveDepartement(DepartementServiceImplTest.java:48)

