-------------------------------------------------------------------------------
Test set: tn.esprit.spring.service.MissionServiceImplTest
-------------------------------------------------------------------------------
Tests run: 5, Failures: 1, Errors: 2, Skipped: 0, Time elapsed: 0.039 s <<< FAILURE! - in tn.esprit.spring.service.MissionServiceImplTest
testDeleteMission  Time elapsed: 0 s  <<< ERROR!
org.springframework.dao.InvalidDataAccessApiUsageException: Provided id of the wrong type for class tn.esprit.spring.entities.Mission. Expected: class java.lang.Integer, got class java.lang.Long; nested exception is java.lang.IllegalArgumentException: Provided id of the wrong type for class tn.esprit.spring.entities.Mission. Expected: class java.lang.Integer, got class java.lang.Long
	at tn.esprit.spring.service.MissionServiceImplTest.testDeleteMission(MissionServiceImplTest.java:54)
Caused by: java.lang.IllegalArgumentException: Provided id of the wrong type for class tn.esprit.spring.entities.Mission. Expected: class java.lang.Integer, got class java.lang.Long
	at tn.esprit.spring.service.MissionServiceImplTest.testDeleteMission(MissionServiceImplTest.java:54)
Caused by: org.hibernate.TypeMismatchException: Provided id of the wrong type for class tn.esprit.spring.entities.Mission. Expected: class java.lang.Integer, got class java.lang.Long
	at tn.esprit.spring.service.MissionServiceImplTest.testDeleteMission(MissionServiceImplTest.java:54)

testRetrieveAllMissions  Time elapsed: 0 s  <<< FAILURE!
java.lang.AssertionError: expected:<15> but was:<4>
	at tn.esprit.spring.service.MissionServiceImplTest.testRetrieveAllMissions(MissionServiceImplTest.java:28)

testRetrieveMission  Time elapsed: 0.03 s  <<< ERROR!
org.springframework.dao.InvalidDataAccessApiUsageException: Provided id of the wrong type for class tn.esprit.spring.entities.Mission. Expected: class java.lang.Integer, got class java.lang.Long; nested exception is java.lang.IllegalArgumentException: Provided id of the wrong type for class tn.esprit.spring.entities.Mission. Expected: class java.lang.Integer, got class java.lang.Long
	at tn.esprit.spring.service.MissionServiceImplTest.testRetrieveMission(MissionServiceImplTest.java:48)
Caused by: java.lang.IllegalArgumentException: Provided id of the wrong type for class tn.esprit.spring.entities.Mission. Expected: class java.lang.Integer, got class java.lang.Long
	at tn.esprit.spring.service.MissionServiceImplTest.testRetrieveMission(MissionServiceImplTest.java:48)
Caused by: org.hibernate.TypeMismatchException: Provided id of the wrong type for class tn.esprit.spring.entities.Mission. Expected: class java.lang.Integer, got class java.lang.Long
	at tn.esprit.spring.service.MissionServiceImplTest.testRetrieveMission(MissionServiceImplTest.java:48)

